  draft.cpp
D:\تنفيذ\Had-houd\Projects\(33,20): warning C4267: 'return': conversion from 'size_t' to 'short', possible loss of data
  (compiling source file '../../#02/#02-3/draft.cpp')
  
D:\تنفيذ\Had-houd\Projects\(162,21): warning C4267: 'return': conversion from 'size_t' to 'short', possible loss of data
  (compiling source file '../../#02/#02-3/draft.cpp')
  
D:\تنفيذ\Had-houd\Projects\(270,25): warning C4267: '=': conversion from 'size_t' to 'short', possible loss of data
  (compiling source file '../../#02/#02-3/draft.cpp')
  
D:\تنفيذ\Had-houd\Projects\(293,25): warning C4267: '=': conversion from 'size_t' to 'short', possible loss of data
  (compiling source file '../../#02/#02-3/draft.cpp')
  
D:\تنفيذ\Had-houd\Projects\(314,25): warning C4267: '=': conversion from 'size_t' to 'short', possible loss of data
  (compiling source file '../../#02/#02-3/draft.cpp')
  
D:\تنفيذ\Had-houd\Projects\(429,16): warning C4267: 'initializing': conversion from 'size_t' to 'short', possible loss of data
  (compiling source file '../../#02/#02-3/draft.cpp')
  
D:\تنفيذ\Had-houd\Projects\(112,13): warning C4244: 'initializing': conversion from 'double' to 'float', possible loss of data
  (compiling source file '../../#02/#02-3/draft.cpp')
  
D:\تنفيذ\Had-houd\Projects\(116,23): warning C4244: '=': conversion from 'double' to 'float', possible loss of data
  (compiling source file '../../#02/#02-3/draft.cpp')
  
  Generating code
  Previous IPDB not found, fall back to full compilation.
  All 106 functions were compiled because no usable IPDB/IOBJ from previous compilation was found.
  Finished generating code
  #02-3.vcxproj -> D:\تنفيذ\Had-houd\Projects\#02\x64\Release\draft.exe
